<?xml version="1.0" encoding="UTF-8"?>
<!-- Generated by org.testng.reporters.JUnitXMLReporter -->
<testsuite ignored="1" hostname="BCP-ATLT301286" failures="2" tests="14" name="Test" time="0.162" errors="0" timestamp="2022-09-08T12:51:50 IST">
  <testcase classname="com.loan.testcases.HomeLoan" name="apiPageHomeLoan" time="0.009"/>
  <testcase classname="com.loan.testcases.HomeLoan" name="mobilePageHomeLoan" time="0.001"/>
  <testcase classname="com.loan.testcases.HomeLoan" name="webPageHomeLoan" time="0.002"/>
  <testcase classname="com.loan.testcases.EducationalLoan" name="apiPageEducationalLoan" time="0.003"/>
  <testcase classname="com.loan.testcases.EducationalLoan" name="mobilePageEducationalLoan" time="0.001"/>
  <testcase classname="com.loan.testcases.PersonalLoan" name="TestB" time="0.001"/>
  <testcase classname="com.loan.testcases.PersonalLoan" name="TestC" time="0.001"/>
  <testcase classname="com.loan.testcases.PersonalLoan" name="webPagePersonalLoan" time="0.002"/>
  <testcase classname="com.loan.testcases.PersonalLoan" name="TestA" time="0.001"/>
  <testcase classname="com.loan.testcases.CarLoan" name="apiPageCarLoan" time="0.003"/>
  <testcase classname="com.loan.testcases.CarLoan" name="mobilePageCarLoan" time="0.002"/>
  <testcase classname="com.loan.testcases.PropertyLoan" name="apiPagePropertyLoan" time="0.0">
    <failure type="org.testng.TestNGException" message="
Parameter &amp;apos;Name&amp;apos; is required by @Test on method apiPagePropertyLoan but has not been marked @Optional or defined
in D:\Training workspace\TestNGDemo\testng.xml">
      <![CDATA[org.testng.TestNGException: 
Parameter 'Name' is required by @Test on method apiPagePropertyLoan but has not been marked @Optional or defined
in D:\Training workspace\TestNGDemo\testng.xml
at java.base/java.util.ArrayList.forEach(ArrayList.java:1511)
... Removed 26 stack frames]]>
    </failure>
  </testcase> <!-- apiPagePropertyLoan -->
  <testcase classname="com.loan.testcases.PropertyLoan" name="mobilePagePropertyLoan" time="0.0">
    <failure type="org.testng.TestNGException" message="
Parameter &amp;apos;URL&amp;apos; is required by @Test on method mobilePagePropertyLoan but has not been marked @Optional or defined
in D:\Training workspace\TestNGDemo\testng.xml">
      <![CDATA[org.testng.TestNGException: 
Parameter 'URL' is required by @Test on method mobilePagePropertyLoan but has not been marked @Optional or defined
in D:\Training workspace\TestNGDemo\testng.xml
at java.base/java.util.ArrayList.forEach(ArrayList.java:1511)
... Removed 26 stack frames]]>
    </failure>
  </testcase> <!-- mobilePagePropertyLoan -->
  <testcase classname="com.loan.testcases.PropertyLoan" name="webPagePropertyLoan" time="0.002"/>
  <testcase classname="com.loan.testcases.EducationalLoan" name="webPageEducationalLoan" time="0.0">
    <ignored/>
  </testcase> <!-- webPageEducationalLoan -->
</testsuite> <!-- Test -->
